06-Apr-2025 18:27:23 202
06-Apr-2025 18:27:23 Array
(
    [0] => HTTP/1.1 202 Accepted
    [1] => Server: nginx
    [2] => Date: Sun, 06 Apr 2025 18:36:00 GMT
    [3] => Content-Length: 0
    [4] => Connection: keep-alive
    [5] => X-Message-Id: f9N-mt5SSwGrH7uLyDBMTg
    [6] => Access-Control-Allow-Origin: https://sendgrid.api-docs.io
    [7] => Access-Control-Allow-Methods: POST
    [8] => Access-Control-Allow-Headers: Authorization, Content-Type, On-behalf-of, x-sg-elas-acl
    [9] => Access-Control-Max-Age: 600
    [10] => X-No-CORS-Reason: https://sendgrid.com/docs/Classroom/Basics/API/cors.html
    [11] => Strict-Transport-Security: max-age=31536000; includeSubDomains
    [12] => Content-Security-Policy: frame-ancestors 'none'
    [13] => Cache-Control: no-cache
    [14] => X-Content-Type-Options: no-sniff
    [15] => Referrer-Policy: strict-origin-when-cross-origin
    [16] => 
    [17] => 
)

06-Apr-2025 18:27:23 
06-Apr-2025 18:29:59 202
06-Apr-2025 18:29:59 Array
(
    [0] => HTTP/1.1 202 Accepted
    [1] => Server: nginx
    [2] => Date: Sun, 06 Apr 2025 18:38:36 GMT
    [3] => Content-Length: 0
    [4] => Connection: keep-alive
    [5] => X-Message-Id: Qe5bZO2MS8ychITgjjqe6Q
    [6] => Access-Control-Allow-Origin: https://sendgrid.api-docs.io
    [7] => Access-Control-Allow-Methods: POST
    [8] => Access-Control-Allow-Headers: Authorization, Content-Type, On-behalf-of, x-sg-elas-acl
    [9] => Access-Control-Max-Age: 600
    [10] => X-No-CORS-Reason: https://sendgrid.com/docs/Classroom/Basics/API/cors.html
    [11] => Strict-Transport-Security: max-age=31536000; includeSubDomains
    [12] => Content-Security-Policy: frame-ancestors 'none'
    [13] => Cache-Control: no-cache
    [14] => X-Content-Type-Options: no-sniff
    [15] => Referrer-Policy: strict-origin-when-cross-origin
    [16] => 
    [17] => 
)

06-Apr-2025 18:29:59 
